mode: atomic
github.com/rightscale/wstunnel/tunnel/wstuncli.go:65.55,90.16 15 7
github.com/rightscale/wstunnel/tunnel/wstuncli.go:98.2,98.18 1 7
github.com/rightscale/wstunnel/tunnel/wstuncli.go:90.16,93.17 3 3
github.com/rightscale/wstunnel/tunnel/wstuncli.go:93.17,96.4 2 0
github.com/rightscale/wstunnel/tunnel/wstuncli.go:101.40,104.20 1 7
github.com/rightscale/wstunnel/tunnel/wstuncli.go:107.2,107.85 1 7
github.com/rightscale/wstunnel/tunnel/wstuncli.go:110.2,113.20 2 7
github.com/rightscale/wstunnel/tunnel/wstuncli.go:116.2,116.89 1 7
github.com/rightscale/wstunnel/tunnel/wstuncli.go:119.2,122.19 2 7
github.com/rightscale/wstunnel/tunnel/wstuncli.go:126.2,126.16 1 7
github.com/rightscale/wstunnel/tunnel/wstuncli.go:132.2,137.12 2 7
github.com/rightscale/wstunnel/tunnel/wstuncli.go:181.2,181.12 1 7
github.com/rightscale/wstunnel/tunnel/wstuncli.go:104.20,106.3 1 0
github.com/rightscale/wstunnel/tunnel/wstuncli.go:107.85,109.3 1 0
github.com/rightscale/wstunnel/tunnel/wstuncli.go:113.20,115.3 1 0
github.com/rightscale/wstunnel/tunnel/wstuncli.go:116.89,118.3 1 0
github.com/rightscale/wstunnel/tunnel/wstuncli.go:122.19,124.3 1 0
github.com/rightscale/wstunnel/tunnel/wstuncli.go:126.16,128.3 1 0
github.com/rightscale/wstunnel/tunnel/wstuncli.go:137.12,138.7 1 7
github.com/rightscale/wstunnel/tunnel/wstuncli.go:138.7,151.18 10 7
github.com/rightscale/wstunnel/tunnel/wstuncli.go:172.4,172.11 1 0
github.com/rightscale/wstunnel/tunnel/wstuncli.go:177.4,177.13 1 0
github.com/rightscale/wstunnel/tunnel/wstuncli.go:151.18,153.20 2 0
github.com/rightscale/wstunnel/tunnel/wstuncli.go:162.5,163.40 1 0
github.com/rightscale/wstunnel/tunnel/wstuncli.go:153.20,157.22 4 0
github.com/rightscale/wstunnel/tunnel/wstuncli.go:160.6,160.23 1 0
github.com/rightscale/wstunnel/tunnel/wstuncli.go:157.22,159.7 1 0
github.com/rightscale/wstunnel/tunnel/wstuncli.go:164.5,170.5 3 7
github.com/rightscale/wstunnel/tunnel/wstuncli.go:173.4,174.10 1 0
github.com/rightscale/wstunnel/tunnel/wstuncli.go:184.33,186.2 1 7
github.com/rightscale/wstunnel/tunnel/wstuncli.go:190.45,192.6 2 7
github.com/rightscale/wstunnel/tunnel/wstuncli.go:222.2,222.12 1 0
github.com/rightscale/wstunnel/tunnel/wstuncli.go:192.6,195.17 3 132
github.com/rightscale/wstunnel/tunnel/wstuncli.go:199.3,199.37 1 125
github.com/rightscale/wstunnel/tunnel/wstuncli.go:204.3,208.17 4 125
github.com/rightscale/wstunnel/tunnel/wstuncli.go:213.3,214.17 2 125
github.com/rightscale/wstunnel/tunnel/wstuncli.go:219.3,219.30 1 125
github.com/rightscale/wstunnel/tunnel/wstuncli.go:195.17,197.9 2 0
github.com/rightscale/wstunnel/tunnel/wstuncli.go:199.37,201.9 2 0
github.com/rightscale/wstunnel/tunnel/wstuncli.go:208.17,210.9 2 0
github.com/rightscale/wstunnel/tunnel/wstuncli.go:214.17,216.9 2 0
github.com/rightscale/wstunnel/tunnel/wstuncli.go:222.12,225.3 2 0
github.com/rightscale/wstunnel/tunnel/wstuncli.go:231.35,233.20 1 7
github.com/rightscale/wstunnel/tunnel/wstuncli.go:239.2,241.35 2 7
github.com/rightscale/wstunnel/tunnel/wstuncli.go:245.2,247.6 2 7
github.com/rightscale/wstunnel/tunnel/wstuncli.go:254.2,254.14 1 0
github.com/rightscale/wstunnel/tunnel/wstuncli.go:233.20,237.3 3 0
github.com/rightscale/wstunnel/tunnel/wstuncli.go:241.35,244.3 2 7
github.com/rightscale/wstunnel/tunnel/wstuncli.go:247.6,249.17 2 7
github.com/rightscale/wstunnel/tunnel/wstuncli.go:252.3,252.28 1 7
github.com/rightscale/wstunnel/tunnel/wstuncli.go:249.17,250.9 1 0
github.com/rightscale/wstunnel/tunnel/wstuncli.go:277.69,284.17 4 125
github.com/rightscale/wstunnel/tunnel/wstuncli.go:299.2,304.16 4 124
github.com/rightscale/wstunnel/tunnel/wstuncli.go:310.2,316.16 5 124
github.com/rightscale/wstunnel/tunnel/wstuncli.go:326.2,326.31 1 124
github.com/rightscale/wstunnel/tunnel/wstuncli.go:330.2,333.16 4 124
github.com/rightscale/wstunnel/tunnel/wstuncli.go:341.2,344.35 3 124
github.com/rightscale/wstunnel/tunnel/wstuncli.go:284.17,285.22 1 2
github.com/rightscale/wstunnel/tunnel/wstuncli.go:285.22,290.4 3 0
github.com/rightscale/wstunnel/tunnel/wstuncli.go:290.4,290.49 1 2
github.com/rightscale/wstunnel/tunnel/wstuncli.go:290.49,292.4 1 1
github.com/rightscale/wstunnel/tunnel/wstuncli.go:292.4,297.4 3 1
github.com/rightscale/wstunnel/tunnel/wstuncli.go:304.16,309.3 3 0
github.com/rightscale/wstunnel/tunnel/wstuncli.go:316.16,323.3 2 0
github.com/rightscale/wstunnel/tunnel/wstuncli.go:326.31,328.3 1 1116
github.com/rightscale/wstunnel/tunnel/wstuncli.go:333.16,340.3 3 0
github.com/rightscale/wstunnel/tunnel/wstuncli.go:348.77,356.16 5 125
github.com/rightscale/wstunnel/tunnel/wstuncli.go:363.2,364.16 2 125
github.com/rightscale/wstunnel/tunnel/wstuncli.go:371.2,372.16 2 125
github.com/rightscale/wstunnel/tunnel/wstuncli.go:379.2,380.16 2 125
github.com/rightscale/wstunnel/tunnel/wstuncli.go:356.16,360.3 3 0
github.com/rightscale/wstunnel/tunnel/wstuncli.go:364.16,368.3 3 0
github.com/rightscale/wstunnel/tunnel/wstuncli.go:372.16,376.3 3 0
github.com/rightscale/wstunnel/tunnel/wstuncli.go:380.16,384.3 3 0
github.com/rightscale/wstunnel/tunnel/wstuncli.go:389.82,406.2 8 1
github.com/rightscale/wstunnel/tunnel/wstunsrv.go:90.70,94.9 4 7
github.com/rightscale/wstunnel/tunnel/wstunsrv.go:101.2,102.27 2 7
github.com/rightscale/wstunnel/tunnel/wstunsrv.go:106.2,106.8 1 7
github.com/rightscale/wstunnel/tunnel/wstunsrv.go:94.9,99.3 4 7
github.com/rightscale/wstunnel/tunnel/wstunsrv.go:102.27,105.3 2 0
github.com/rightscale/wstunnel/tunnel/wstunsrv.go:111.55,136.2 18 7
github.com/rightscale/wstunnel/tunnel/wstunsrv.go:138.55,139.29 1 7
github.com/rightscale/wstunnel/tunnel/wstunsrv.go:142.2,150.123 4 7
github.com/rightscale/wstunnel/tunnel/wstunsrv.go:157.2,173.21 8 7
github.com/rightscale/wstunnel/tunnel/wstunsrv.go:185.2,185.12 1 7
github.com/rightscale/wstunnel/tunnel/wstunsrv.go:191.2,191.12 1 7
github.com/rightscale/wstunnel/tunnel/wstunsrv.go:139.29,141.3 1 0
github.com/rightscale/wstunnel/tunnel/wstunsrv.go:150.123,151.55 1 35
github.com/rightscale/wstunnel/tunnel/wstunsrv.go:151.55,153.4 1 132
github.com/rightscale/wstunnel/tunnel/wstunsrv.go:173.21,178.17 5 0
github.com/rightscale/wstunnel/tunnel/wstunsrv.go:178.17,181.4 2 0
github.com/rightscale/wstunnel/tunnel/wstunsrv.go:182.3,184.3 1 7
github.com/rightscale/wstunnel/tunnel/wstunsrv.go:185.12,189.3 3 7
github.com/rightscale/wstunnel/tunnel/wstunsrv.go:191.12,194.3 2 7
github.com/rightscale/wstunnel/tunnel/wstunsrv.go:197.33,199.2 1 7
github.com/rightscale/wstunnel/tunnel/wstunsrv.go:204.78,206.2 1 0
github.com/rightscale/wstunnel/tunnel/wstunsrv.go:209.78,216.38 4 0
github.com/rightscale/wstunnel/tunnel/wstunsrv.go:220.2,225.16 4 0
github.com/rightscale/wstunnel/tunnel/wstunsrv.go:228.2,228.43 1 0
github.com/rightscale/wstunnel/tunnel/wstunsrv.go:233.2,235.24 3 0
github.com/rightscale/wstunnel/tunnel/wstunsrv.go:264.2,266.49 3 0
github.com/rightscale/wstunnel/tunnel/wstunsrv.go:216.38,218.3 1 0
github.com/rightscale/wstunnel/tunnel/wstunsrv.go:225.16,227.3 1 0
github.com/rightscale/wstunnel/tunnel/wstunsrv.go:228.43,231.3 2 0
github.com/rightscale/wstunnel/tunnel/wstunsrv.go:235.24,240.25 5 0
github.com/rightscale/wstunnel/tunnel/wstunsrv.go:243.3,243.26 1 0
github.com/rightscale/wstunnel/tunnel/wstunsrv.go:246.3,246.30 1 0
github.com/rightscale/wstunnel/tunnel/wstunsrv.go:256.3,256.28 1 0
github.com/rightscale/wstunnel/tunnel/wstunsrv.go:240.25,242.4 1 0
github.com/rightscale/wstunnel/tunnel/wstunsrv.go:243.26,245.4 1 0
github.com/rightscale/wstunnel/tunnel/wstunsrv.go:246.30,249.4 2 0
github.com/rightscale/wstunnel/tunnel/wstunsrv.go:249.4,252.49 2 0
github.com/rightscale/wstunnel/tunnel/wstunsrv.go:252.49,254.5 1 0
github.com/rightscale/wstunnel/tunnel/wstunsrv.go:256.28,258.43 2 0
github.com/rightscale/wstunnel/tunnel/wstunsrv.go:261.4,261.30 1 0
github.com/rightscale/wstunnel/tunnel/wstunsrv.go:258.43,260.5 1 0
github.com/rightscale/wstunnel/tunnel/wstunsrv.go:271.86,273.15 2 0
github.com/rightscale/wstunnel/tunnel/wstunsrv.go:278.2,278.37 1 0
github.com/rightscale/wstunnel/tunnel/wstunsrv.go:273.15,277.3 3 0
github.com/rightscale/wstunnel/tunnel/wstunsrv.go:286.86,289.17 3 125
github.com/rightscale/wstunnel/tunnel/wstunsrv.go:294.2,295.38 2 125
github.com/rightscale/wstunnel/tunnel/wstunsrv.go:289.17,293.3 3 0
github.com/rightscale/wstunnel/tunnel/wstunsrv.go:299.91,307.26 4 125
github.com/rightscale/wstunnel/tunnel/wstunsrv.go:312.2,314.41 2 125
github.com/rightscale/wstunnel/tunnel/wstunsrv.go:361.2,361.23 1 125
github.com/rightscale/wstunnel/tunnel/wstunsrv.go:307.26,309.3 1 125
github.com/rightscale/wstunnel/tunnel/wstunsrv.go:314.41,320.17 3 125
github.com/rightscale/wstunnel/tunnel/wstunsrv.go:327.3,329.16 3 125
github.com/rightscale/wstunnel/tunnel/wstunsrv.go:332.3,335.10 2 125
github.com/rightscale/wstunnel/tunnel/wstunsrv.go:320.17,325.15 3 0
github.com/rightscale/wstunnel/tunnel/wstunsrv.go:329.16,331.4 1 0
github.com/rightscale/wstunnel/tunnel/wstunsrv.go:336.3,338.23 1 125
github.com/rightscale/wstunnel/tunnel/wstunsrv.go:344.4,344.30 1 0
github.com/rightscale/wstunnel/tunnel/wstunsrv.go:351.4,351.65 1 0
github.com/rightscale/wstunnel/tunnel/wstunsrv.go:352.3,356.15 3 0
github.com/rightscale/wstunnel/tunnel/wstunsrv.go:338.23,341.16 3 125
github.com/rightscale/wstunnel/tunnel/wstunsrv.go:344.30,348.16 3 0
github.com/rightscale/wstunnel/tunnel/wstunsrv.go:365.79,366.23 1 7
github.com/rightscale/wstunnel/tunnel/wstunsrv.go:366.23,368.3 1 7
github.com/rightscale/wstunnel/tunnel/wstunsrv.go:368.3,370.3 1 0
github.com/rightscale/wstunnel/tunnel/wstunsrv.go:378.33,380.2 1 146
github.com/rightscale/wstunnel/tunnel/wstunsrv.go:382.67,388.8 4 132
github.com/rightscale/wstunnel/tunnel/wstunsrv.go:392.2,399.11 3 7
github.com/rightscale/wstunnel/tunnel/wstunsrv.go:388.8,390.3 1 125
github.com/rightscale/wstunnel/tunnel/wstunsrv.go:402.41,406.6 1 0
github.com/rightscale/wstunnel/tunnel/wstunsrv.go:418.2,419.56 2 0
github.com/rightscale/wstunnel/tunnel/wstunsrv.go:406.6,407.10 1 0
github.com/rightscale/wstunnel/tunnel/wstunsrv.go:408.3,409.11 1 0
github.com/rightscale/wstunnel/tunnel/wstunsrv.go:414.3,415.11 1 0
github.com/rightscale/wstunnel/tunnel/wstunsrv.go:410.4,411.60 1 0
github.com/rightscale/wstunnel/tunnel/wstunsrv.go:412.4,412.12 0 0
github.com/rightscale/wstunnel/tunnel/wstunsrv.go:422.62,425.16 3 125
github.com/rightscale/wstunnel/tunnel/wstunsrv.go:429.2,430.9 2 125
github.com/rightscale/wstunnel/tunnel/wstunsrv.go:425.16,428.3 2 125
github.com/rightscale/wstunnel/tunnel/wstunsrv.go:431.2,433.13 1 125
github.com/rightscale/wstunnel/tunnel/wstunsrv.go:434.2,435.51 1 0
github.com/rightscale/wstunnel/tunnel/wstunsrv.go:439.59,444.2 3 125
github.com/rightscale/wstunnel/tunnel/wstunsrv.go:446.77,457.2 3 125
github.com/rightscale/wstunnel/tunnel/wstunsrv.go:469.66,471.16 2 125
github.com/rightscale/wstunnel/tunnel/wstunsrv.go:476.2,476.36 1 125
github.com/rightscale/wstunnel/tunnel/wstunsrv.go:480.2,483.24 4 125
github.com/rightscale/wstunnel/tunnel/wstunsrv.go:471.16,475.3 3 0
github.com/rightscale/wstunnel/tunnel/wstunsrv.go:476.36,478.3 1 625
github.com/rightscale/wstunnel/tunnel/wstunsrv.go:487.45,489.6 2 7
github.com/rightscale/wstunnel/tunnel/wstunsrv.go:489.6,491.39 2 7
github.com/rightscale/wstunnel/tunnel/wstunsrv.go:500.3,501.26 2 7
github.com/rightscale/wstunnel/tunnel/wstunsrv.go:491.39,492.52 1 0
github.com/rightscale/wstunnel/tunnel/wstunsrv.go:492.52,493.15 1 0
github.com/rightscale/wstunnel/tunnel/wstunsrv.go:493.15,497.6 2 0
github.com/rightscale/wstunnel/tunnel/helpers.go:12.28,13.16 1 14
github.com/rightscale/wstunnel/tunnel/helpers.go:13.16,17.17 4 0
github.com/rightscale/wstunnel/tunnel/helpers.go:21.3,22.17 2 0
github.com/rightscale/wstunnel/tunnel/helpers.go:26.3,26.12 1 0
github.com/rightscale/wstunnel/tunnel/helpers.go:17.17,20.4 2 0
github.com/rightscale/wstunnel/tunnel/helpers.go:22.17,25.4 2 0
github.com/rightscale/wstunnel/tunnel/helpers.go:31.58,33.16 2 14
github.com/rightscale/wstunnel/tunnel/helpers.go:58.2,58.12 1 14
github.com/rightscale/wstunnel/tunnel/helpers.go:33.16,34.21 1 0
github.com/rightscale/wstunnel/tunnel/helpers.go:38.3,40.17 3 0
github.com/rightscale/wstunnel/tunnel/helpers.go:44.3,45.35 2 0
github.com/rightscale/wstunnel/tunnel/helpers.go:34.21,37.4 2 0
github.com/rightscale/wstunnel/tunnel/helpers.go:40.17,43.4 2 0
github.com/rightscale/wstunnel/tunnel/helpers.go:46.3,46.27 1 14
github.com/rightscale/wstunnel/tunnel/helpers.go:46.27,49.17 3 0
github.com/rightscale/wstunnel/tunnel/helpers.go:53.3,54.35 2 0
github.com/rightscale/wstunnel/tunnel/helpers.go:49.17,52.4 2 0
github.com/rightscale/wstunnel/tunnel/helpers.go:55.3,57.3 1 14
github.com/rightscale/wstunnel/tunnel/helpers.go:61.44,63.14 2 14
github.com/rightscale/wstunnel/tunnel/helpers.go:70.2,71.18 2 14
github.com/rightscale/wstunnel/tunnel/helpers.go:63.14,65.3 1 0
github.com/rightscale/wstunnel/tunnel/helpers.go:65.3,65.23 1 14
github.com/rightscale/wstunnel/tunnel/helpers.go:65.23,67.3 1 0
github.com/rightscale/wstunnel/tunnel/helpers.go:67.3,69.3 1 14
github.com/rightscale/wstunnel/tunnel/helpers.go:75.39,76.25 1 125
github.com/rightscale/wstunnel/tunnel/helpers.go:76.25,77.24 1 376
github.com/rightscale/wstunnel/tunnel/helpers.go:77.24,79.4 1 376
github.com/rightscale/wstunnel/tunnel/ws.go:21.86,24.2 2 0
github.com/rightscale/wstunnel/tunnel/ws.go:33.75,35.16 2 7
github.com/rightscale/wstunnel/tunnel/ws.go:39.2,40.15 2 7
github.com/rightscale/wstunnel/tunnel/ws.go:44.2,44.30 1 7
github.com/rightscale/wstunnel/tunnel/ws.go:50.2,54.49 4 7
github.com/rightscale/wstunnel/tunnel/ws.go:62.2,66.12 4 7
github.com/rightscale/wstunnel/tunnel/ws.go:70.2,78.22 5 7
github.com/rightscale/wstunnel/tunnel/ws.go:35.16,37.3 1 7
github.com/rightscale/wstunnel/tunnel/ws.go:40.15,43.3 2 0
github.com/rightscale/wstunnel/tunnel/ws.go:44.30,49.3 2 0
github.com/rightscale/wstunnel/tunnel/ws.go:54.49,57.3 2 0
github.com/rightscale/wstunnel/tunnel/ws.go:57.3,57.23 1 7
github.com/rightscale/wstunnel/tunnel/ws.go:57.23,60.3 2 0
github.com/rightscale/wstunnel/tunnel/ws.go:66.12,68.3 1 7
github.com/rightscale/wstunnel/tunnel/ws.go:81.80,83.20 1 7
github.com/rightscale/wstunnel/tunnel/ws.go:89.2,91.35 2 7
github.com/rightscale/wstunnel/tunnel/ws.go:98.2,98.23 1 7
github.com/rightscale/wstunnel/tunnel/ws.go:83.20,87.3 3 0
github.com/rightscale/wstunnel/tunnel/ws.go:91.35,97.3 4 7
github.com/rightscale/wstunnel/tunnel/ws.go:102.66,105.6 3 7
github.com/rightscale/wstunnel/tunnel/ws.go:152.2,157.12 5 0
github.com/rightscale/wstunnel/tunnel/ws.go:105.6,107.10 1 132
github.com/rightscale/wstunnel/tunnel/ws.go:118.3,118.38 1 125
github.com/rightscale/wstunnel/tunnel/ws.go:127.3,131.17 4 125
github.com/rightscale/wstunnel/tunnel/ws.go:135.3,136.17 2 125
github.com/rightscale/wstunnel/tunnel/ws.go:140.3,141.17 2 125
github.com/rightscale/wstunnel/tunnel/ws.go:145.3,146.17 2 125
github.com/rightscale/wstunnel/tunnel/ws.go:149.3,149.45 1 125
github.com/rightscale/wstunnel/tunnel/ws.go:108.3,108.32 0 125
github.com/rightscale/wstunnel/tunnel/ws.go:110.3,114.10 3 0
github.com/rightscale/wstunnel/tunnel/ws.go:118.38,124.12 3 0
github.com/rightscale/wstunnel/tunnel/ws.go:131.17,132.9 1 0
github.com/rightscale/wstunnel/tunnel/ws.go:136.17,137.9 1 0
github.com/rightscale/wstunnel/tunnel/ws.go:141.17,142.9 1 0
github.com/rightscale/wstunnel/tunnel/ws.go:146.17,147.9 1 0
github.com/rightscale/wstunnel/tunnel/ws.go:161.91,165.6 3 7
github.com/rightscale/wstunnel/tunnel/ws.go:210.2,210.16 1 0
github.com/rightscale/wstunnel/tunnel/ws.go:214.2,216.12 3 0
github.com/rightscale/wstunnel/tunnel/ws.go:165.6,169.17 3 132
github.com/rightscale/wstunnel/tunnel/ws.go:172.3,172.35 1 125
github.com/rightscale/wstunnel/tunnel/ws.go:177.3,181.17 4 125
github.com/rightscale/wstunnel/tunnel/ws.go:185.3,186.17 2 125
github.com/rightscale/wstunnel/tunnel/ws.go:189.3,196.17 6 125
github.com/rightscale/wstunnel/tunnel/ws.go:169.17,170.9 1 0
github.com/rightscale/wstunnel/tunnel/ws.go:172.35,174.9 2 0
github.com/rightscale/wstunnel/tunnel/ws.go:181.17,182.9 1 0
github.com/rightscale/wstunnel/tunnel/ws.go:186.17,187.9 1 0
github.com/rightscale/wstunnel/tunnel/ws.go:196.17,199.11 2 125
github.com/rightscale/wstunnel/tunnel/ws.go:200.4,200.29 0 125
github.com/rightscale/wstunnel/tunnel/ws.go:202.4,203.61 1 0
github.com/rightscale/wstunnel/tunnel/ws.go:205.4,207.4 1 0
github.com/rightscale/wstunnel/tunnel/ws.go:210.16,212.3 1 0
